    _                _                      
   / \   ___ ___ ___| | ___ _ __ __ _ _   _ 
  / _ \ / __/ __/ _ \ |/ _ \ '__/ _` | | | |
 / ___ \ (_| (_|  __/ |  __/ | | (_| | |_| |
/_/   \_\___\___\___|_|\___|_|  \__, |\__, |
                                |___/ |___/ 

Info: generating outputs according to the following specified output flags... 
 Please use the -f flag to update the preference (default to all output files) 
{'ERT': 1, 'ERT_summary': 1, 'ART': 1, 'ART_summary': 1, 'energy_estimation': 1, 'flattened_arch': 1}
Info: config file located: /home/sacak32/.config/accelergy/accelergy_config.yaml 
config file content: 
 {'compound_components': [], 'estimator_plug_ins': ['/home/sacak32/.local/share/accelergy/estimation_plug_ins'], 'primitive_components': ['/home/sacak32/.local/share/accelergy/primitive_component_libs'], 'version': 0.3}
Warn: Cannot recognize the top key "mapper" in file ./test.yaml 
Warn: Cannot recognize the top key "mapspace" in file ./test.yaml 
Warn: Cannot recognize the top key "problem" in file ./test.yaml 
Info: Parsing file ./test.yaml for architecture info 
Info: Found non-numeric expression LPDDR4. Available bindings: {'type': 'LPDDR4', 'word-bits': 8, 'block-size': 64, 'bandwidth': 10.0} 
WARN: Failed to evaluate "LPDDR4". Setting variables.type="LPDDR4". Available bindings: {'name': 'DRAM', 'class': 'DRAM', 'attributes': {'type': 'LPDDR4', 'word-bits': 8, 'block-size': 64, 'bandwidth': 10.0}}
Info: Found non-numeric expression 45nm. Available bindings: {'technology': '45nm', 'width': 512, 'depth': 4096, 'datawidth': 8, 'word-bits': 8, 'block-size': 64} 
WARN: Failed to evaluate "45nm". Setting variables.technology="45nm". Available bindings: {'name': 'WeightInputBuffer', 'class': 'SRAM', 'attributes': {'technology': '45nm', 'width': 512, 'depth': 4096, 'datawidth': 8, 'word-bits': 8, 'block-size': 64}}
Info: primitive component file parsed:  /home/sacak32/.local/share/accelergy/primitive_component_libs/soc_primitives.lib.yaml 
Info: primitive component file parsed:  /home/sacak32/.local/share/accelergy/primitive_component_libs/primitive_component.lib.yaml 
Info: primitive component file parsed:  /home/sacak32/.local/share/accelergy/primitive_component_libs/pim_primitive_component.lib.yaml 
Warn: No compound component classes specified, architecture can only contain primitive components 
Info: Found non-numeric expression 65nm. Available bindings: {'type': 'LPDDR4', 'word-bits': 8, 'block-size': 64, 'bandwidth': 10.0, 'technology': '65nm', 'width': 64} 
WARN: Failed to evaluate "65nm". Setting system.DRAM.technology="65nm". Available bindings: {'type': 'LPDDR4', 'word-bits': 8, 'block-size': 64, 'bandwidth': 10.0, 'technology': '65nm', 'width': 64}
Info: Found non-numeric expression 5ns. Available bindings: {'technology': '45nm', 'width': 512, 'depth': 4096, 'datawidth': 8, 'word-bits': 8, 'block-size': 64, 'n_rd_ports': 0, 'n_wr_ports': 0, 'n_rdwr_ports': 1, 'n_banks': 1, 'latency': '5ns'} 
WARN: Failed to evaluate "5ns". Setting system.WeightInputBuffer.latency="5ns". Available bindings: {'technology': '45nm', 'width': 512, 'depth': 4096, 'datawidth': 8, 'word-bits': 8, 'block-size': 64, 'n_rd_ports': 0, 'n_wr_ports': 0, 'n_rdwr_ports': 1, 'n_banks': 1, 'latency': '5ns'}
Info: Calculated "n_banks" = 1 
Info: estimator plug-in identified by:  /home/sacak32/.local/share/accelergy/estimation_plug_ins/dummy_tables/dummy.estimator.yaml 
Warn: No action counts are specified as yaml input 
Info: flattened architecture is saved to: ./timeloop-mapper.flattened_architecture.yaml 
Info: energy reference table is saved to: ./timeloop-mapper.ERT.yaml 
Info: energy reference table summary is saved to: ./timeloop-mapper.ERT_summary.yaml 
Warn: no runtime energy estimations are generated... not generating energy_estimation.yaml 
Info: area reference table is saved to: ./timeloop-mapper.ART.yaml 
Info: area reference table summary is saved to: ./timeloop-mapper.ART_summary.yaml 
